xrun(64): 18.03-s001: (c) Copyright 1995-2018 Cadence Design Systems, Inc.
TOOL:	xrun(64)	18.03-s001: Started on May 12, 2023 at 19:11:48 PKT
xrun
	-gui
	-sv
	cv64a6_imafdc_sv39_config_pkg.sv
	riscv_pkg.sv
	rvfi_pkg.sv
	ariane_dm_pkg.sv
	ariane_pkg.sv
	cvxif_pkg.sv
	cvxif_instr_pkg.sv
	axi_pkg.sv
	ariane_axi_pkg.sv
	cf_math_pkg.sv
	axi_shim.sv
	bht.sv
	fpnew_pkg.sv
	std_cache_pkg.sv
	wt_cache_pkg.sv
	alu.sv
	amo_buffer.sv
	ariane_regfile_ff.sv
	ariane_regfile_fpga.sv
	AsyncDpRam.sv
	AsyncThreePortRam.sv
	axi_adapter.sv
	axi_intf.sv
	branch_unit.sv
	btb.sv
	cache_ctrl.sv
	defs_div_sqrt_mvp.sv
	commit_stage.sv
	compressed_decoder.sv
	controller.sv
	control_mvp.sv
	counter.sv
	csr_buffer.sv
	csr_regfile.sv
	cva6_icache_axi_wrapper.sv
	cva6_icache.sv
	cva6_mmu_sv32.sv
	cva6_ptw_sv32.sv
	cva6_shared_tlb_sv32.sv
	cva6.sv
	cva6_tlb_sv32.sv
	cvxif_example_coprocessor.sv
	cvxif_fu.sv
	decoder.sv
	delta_counter.sv
	div_sqrt_top_mvp.sv
	exp_backoff.sv
	ex_stage.sv
	fifo_v3.sv
	fpnew_cast_multi.sv
	fpnew_classifier.sv
	fpnew_divsqrt_multi.sv
	fpnew_fma_multi.sv
	fpnew_fma.sv
	fpnew_noncomp.sv
	fpnew_opgroup_block.sv
	fpnew_opgroup_fmt_slice.sv
	fpnew_opgroup_multifmt_slice.sv
	fpnew_rounding.sv
	fpnew_top.sv
	fpu_wrap.sv
	frontend.sv
	id_stage.sv
	instr_decoder.sv
	instr_queue.sv
	instr_realign.sv
	instr_scan.sv
	issue_read_operands.sv
	issue_stage.sv
	iteration_div_sqrt_mvp.sv
	lfsr_8bit.sv
	lfsr.sv
	load_store_unit.sv
	load_unit.sv
	lsu_bypass.sv
	lzc.sv
	miss_handler.sv
	mmu.sv
	multiplier.sv
	mult.sv
	norm_div_sqrt_mvp.sv
	nrbd_nrsc_mvp.sv
	perf_counters.sv
	pmp_entry.sv
	pmp.sv
	popcount.sv
	preprocess_mvp.sv
	ptw.sv
	ras.sv
	registers.svh
	re_name.sv
	rr_arb_tree.sv
	scoreboard.sv
	serdiv.sv
	shift_reg.sv
	sram.sv
	std_cache_subsystem.sv
	std_nbdcache.sv
	store_buffer.sv
	store_unit.sv
	stream_arbiter_flushable.sv
	stream_arbiter.sv
	stream_demux.sv
	stream_mux.sv
	SyncDpRam.sv
	tag_cmp.sv
	tc_sram.sv
	tc_sram_wrapper.sv
	tlb.sv
	unread.sv
	wt_axi_adapter.sv
	wt_cache_subsystem.sv
	wt_dcache_ctrl.sv
	wt_dcache_mem.sv
	wt_dcache_missunit.sv
	wt_dcache.sv
	wt_dcache_wbuffer.sv
		Caching library 'worklib' ....... Done
	Elaborating the design hierarchy:
        return (num_idx > 32'd1) ? unsigned'($clog2(num_idx)) : 32'd1;
                                                  |
xmelab: *E,CFNOSF (./cf_math_pkg.sv,58|50): System function calls are not allowed in constant functions [10.3.5(IEEE)].
  parameter int unsigned CNT_WIDTH = cf_math_pkg::idx_width(WIDTH)
                                                          |
xmelab: *N,CFCALL (./lzc.sv,33|58): Function cf_math_pkg::idx_width treated as a constant function because of this call.
		Caching library 'worklib' ....... Done
  instr_tracer_if tracer_if (clk_i);
                          |
xmelab: *E,CUVMUR (./cva6.sv,846|26): instance 'cva6.tracer_if' of design unit 'instr_tracer_if' is unresolved in 'worklib.cva6:sv'.
  instr_tracer instr_tracer_i (
                            |
xmelab: *E,CUVMUR (./cva6.sv,883|28): instance 'cva6.instr_tracer_i' of design unit 'instr_tracer' is unresolved in 'worklib.cva6:sv'.
xrun: *E,ELBERR: Error during elaboration (status 1), exiting.
TOOL:	xrun(64)	18.03-s001: Exiting on May 12, 2023 at 19:11:48 PKT  (total: 00:00:00)
